2010-10-03 02:51:00 Notice: Notice (8): Undefined index:  oauth_verifier in [APP/vendors/OAuth/oauth_consumer.php, line 42]
2010-10-03 02:51:01 Notice: Notice (8): Trying to get property of non-object in [APP/controllers/tweets_controller.php, line 87]
2010-10-03 03:51:13 Notice: Notice (8): Undefined variable: accessToken in [APP/controllers/tweets_controller.php, line 87]
2010-10-03 03:51:13 Notice: Notice (8): Trying to get property of non-object in [APP/controllers/tweets_controller.php, line 87]
2010-10-03 03:51:13 Notice: Notice (8): Use of undefined constant message - assumed 'message' in [APP/controllers/tweets_controller.php, line 87]
2010-10-03 03:53:42 Notice: Notice (8): Undefined index:  oauth_verifier in [APP/vendors/OAuth/oauth_consumer.php, line 42]
2010-10-03 03:53:42 Notice: Notice (8): Trying to get property of non-object in [APP/controllers/tweets_controller.php, line 97]
2010-10-03 03:58:05 Notice: Notice (8): Undefined index:  oauth_verifier in [APP/vendors/OAuth/oauth_consumer.php, line 42]
2010-10-03 03:58:06 Notice: Notice (8): Trying to get property of non-object in [APP/controllers/tweets_controller.php, line 97]
2010-10-03 04:00:21 Notice: Notice (8): Undefined index:  oauth_verifier in [APP/vendors/OAuth/oauth_consumer.php, line 42]
2010-10-03 04:00:21 Notice: Notice (8): Trying to get property of non-object in [APP/controllers/tweets_controller.php, line 97]
2010-10-03 04:04:08 Notice: Notice (8): Undefined index:  oauth_verifier in [APP/vendors/OAuth/oauth_consumer.php, line 42]
2010-10-03 04:04:09 Notice: Notice (8): Trying to get property of non-object in [APP/controllers/tweets_controller.php, line 97]
2010-10-03 04:09:39 Notice: Notice (8): Undefined index:  oauth_verifier in [APP/vendors/OAuth/oauth_consumer.php, line 42]
2010-10-03 04:09:39 Notice: Notice (8): Trying to get property of non-object in [APP/controllers/tweets_controller.php, line 97]
2010-10-03 04:15:16 Notice: Notice (8): Undefined index:  oauth_verifier in [APP/vendors/OAuth/oauth_consumer.php, line 42]
2010-10-03 04:15:16 Notice: Notice (8): Trying to get property of non-object in [APP/controllers/tweets_controller.php, line 91]
2010-10-03 04:15:16 Notice: Notice (8): Use of undefined constant message - assumed 'message' in [APP/controllers/tweets_controller.php, line 91]
2010-10-03 04:15:40 Notice: Notice (8): Undefined index:  oauth_verifier in [APP/vendors/OAuth/oauth_consumer.php, line 42]
2010-10-03 04:15:40 Notice: Notice (8): Trying to get property of non-object in [APP/controllers/tweets_controller.php, line 91]
2010-10-03 04:15:40 Notice: Notice (8): Use of undefined constant message - assumed 'message' in [APP/controllers/tweets_controller.php, line 91]
2010-10-03 04:17:22 Notice: Notice (8): Undefined index:  oauth_verifier in [APP/vendors/OAuth/oauth_consumer.php, line 42]
2010-10-03 04:17:23 Notice: Notice (8): Trying to get property of non-object in [APP/controllers/tweets_controller.php, line 91]
2010-10-03 04:17:23 Notice: Notice (8): Use of undefined constant message - assumed 'message' in [APP/controllers/tweets_controller.php, line 91]
2010-10-03 04:37:42 Notice: Notice (8): Trying to get property of non-object in [APP/controllers/tweets_controller.php, line 100]
2010-10-03 04:42:23 Notice: Notice (8): Trying to get property of non-object in [APP/controllers/tweets_controller.php, line 100]
2010-10-03 04:42:38 Notice: Notice (8): Trying to get property of non-object in [APP/controllers/tweets_controller.php, line 100]
2010-10-03 04:51:47 Notice: Notice (8): Trying to get property of non-object in [APP/controllers/tweets_controller.php, line 100]
2010-10-03 04:51:51 Notice: Notice (8): Trying to get property of non-object in [APP/controllers/tweets_controller.php, line 100]
2010-10-03 04:51:53 Notice: Notice (8): Trying to get property of non-object in [APP/controllers/tweets_controller.php, line 100]
2010-10-03 04:58:26 Notice: Notice (8): Trying to get property of non-object in [APP/controllers/tweets_controller.php, line 100]
2010-10-03 05:15:40 Notice: Notice (8): Trying to get property of non-object in [APP/controllers/tweets_controller.php, line 106]
2010-10-03 05:17:30 Notice: Notice (8): Trying to get property of non-object in [APP/controllers/tweets_controller.php, line 106]
2010-10-03 05:57:03 Notice: Notice (8): Trying to get property of non-object in [APP/controllers/tweets_controller.php, line 109]
2010-10-03 05:57:03 Notice: Notice (8): Undefined variable: message in [APP/controllers/tweets_controller.php, line 109]
2010-10-03 05:58:46 Notice: Notice (8): Undefined variable: message in [APP/controllers/tweets_controller.php, line 109]
2010-10-03 06:12:37 Notice: Notice (8): Undefined index:  oauth_verifier in [APP/vendors/OAuth/oauth_consumer.php, line 42]
2010-10-03 06:12:38 Notice: Notice (8): Trying to get property of non-object in [APP/controllers/tweets_controller.php, line 97]
2010-10-03 06:50:41 Notice: Notice (8): Trying to get property of non-object in [APP/controllers/tweets_controller.php, line 99]
2010-10-03 08:01:38 Notice: Notice (8): Undefined index:  oauth_verifier in [APP/vendors/OAuth/oauth_consumer.php, line 42]
2010-10-03 08:01:39 Notice: Notice (8): Trying to get property of non-object in [APP/controllers/tweets_controller.php, line 106]
2010-10-03 08:02:25 Notice: Notice (8): Undefined index:  oauth_verifier in [APP/vendors/OAuth/oauth_consumer.php, line 42]
2010-10-03 08:02:26 Notice: Notice (8): Trying to get property of non-object in [APP/controllers/tweets_controller.php, line 106]
2010-10-03 08:02:48 Notice: Notice (8): Undefined index:  oauth_verifier in [APP/vendors/OAuth/oauth_consumer.php, line 42]
2010-10-03 08:02:48 Notice: Notice (8): Trying to get property of non-object in [APP/controllers/tweets_controller.php, line 106]
2010-10-03 08:58:32 Notice: Notice (8): Trying to get property of non-object in [APP/controllers/tweets_controller.php, line 102]
2010-10-05 14:06:46 Notice: Notice (8): Undefined index:  Tweets in [APP/views/tweets/index.ctp, line 12]
2010-10-05 14:06:46 Notice: Notice (8): Array to string conversion in [CORE/cake/libs/view/helpers/form.php, line 456]
2010-10-05 14:06:46 Notice: Notice (8): Array to string conversion in [CORE/cake/libs/view/helpers/form.php, line 461]
2010-10-05 14:06:46 Notice: Notice (8): Array to string conversion in [CORE/cake/libs/inflector.php, line 368]
2010-10-08 03:53:47 Notice: Notice (8): Undefined variable: id in [APP/controllers/tweets_controller.php, line 36]
2010-10-08 03:54:29 Notice: Notice (8): Undefined index:  image in [APP/controllers/tweets_controller.php, line 38]
2010-10-08 03:54:41 Notice: Notice (8): Undefined index:  image in [APP/controllers/tweets_controller.php, line 38]
2010-10-09 00:29:13 Notice: Notice (8): Undefined index:  picture in [APP/views/tweets/index.ctp, line 64]
2010-10-09 00:29:31 Notice: Notice (8): Undefined index:  picture in [APP/views/tweets/index.ctp, line 64]
