2010-10-01 01:56:29 Warning: Warning (2): mysql_connect() [<a href='http://php.net/function.mysql-connect'>function.mysql-connect</a>]: Access denied for user 'user'@'localhost' (using password: YES) in [CORE/cake/libs/model/datasources/dbo/dbo_mysql.php, line 117]
2010-10-01 01:56:29 Warning: Warning (2): mysql_select_db(): supplied argument is not a valid MySQL-Link resource in [CORE/cake/libs/model/datasources/dbo/dbo_mysql.php, line 122]
2010-10-01 01:56:29 Warning: Warning (2): mysql_get_server_info(): supplied argument is not a valid MySQL-Link resource in [CORE/cake/libs/model/datasources/dbo/dbo_mysql.php, line 130]
2010-10-01 01:57:09 Warning: Warning (2): mysql_connect() [<a href='http://php.net/function.mysql-connect'>function.mysql-connect</a>]: Access denied for user 'user'@'localhost' (using password: YES) in [CORE/cake/libs/model/datasources/dbo/dbo_mysql.php, line 117]
2010-10-01 01:57:09 Warning: Warning (2): mysql_select_db(): supplied argument is not a valid MySQL-Link resource in [CORE/cake/libs/model/datasources/dbo/dbo_mysql.php, line 122]
2010-10-01 01:57:09 Warning: Warning (2): mysql_get_server_info(): supplied argument is not a valid MySQL-Link resource in [CORE/cake/libs/model/datasources/dbo/dbo_mysql.php, line 130]
2010-10-01 02:49:09 Warning: Warning (2): mysql_connect() [<a href='http://php.net/function.mysql-connect'>function.mysql-connect</a>]: Access denied for user 'user'@'localhost' (using password: YES) in [CORE/cake/libs/model/datasources/dbo/dbo_mysql.php, line 117]
2010-10-01 02:49:09 Warning: Warning (2): mysql_select_db(): supplied argument is not a valid MySQL-Link resource in [CORE/cake/libs/model/datasources/dbo/dbo_mysql.php, line 122]
2010-10-01 02:49:09 Warning: Warning (2): mysql_get_server_info(): supplied argument is not a valid MySQL-Link resource in [CORE/cake/libs/model/datasources/dbo/dbo_mysql.php, line 130]
2010-10-01 02:49:13 Warning: Warning (2): mysql_connect() [<a href='http://php.net/function.mysql-connect'>function.mysql-connect</a>]: Access denied for user 'user'@'localhost' (using password: YES) in [CORE/cake/libs/model/datasources/dbo/dbo_mysql.php, line 117]
2010-10-01 02:49:13 Warning: Warning (2): mysql_select_db(): supplied argument is not a valid MySQL-Link resource in [CORE/cake/libs/model/datasources/dbo/dbo_mysql.php, line 122]
2010-10-01 02:49:13 Warning: Warning (2): mysql_get_server_info(): supplied argument is not a valid MySQL-Link resource in [CORE/cake/libs/model/datasources/dbo/dbo_mysql.php, line 130]
2010-10-01 03:49:35 Warning: Warning (512): /var/www/onatter/myapp/tmp/cache/ is not writable in [CORE/cake/libs/cache/file.php, line 264]
2010-10-01 03:49:52 Warning: Warning (512): /var/www/onatter/myapp/tmp/cache/ is not writable in [CORE/cake/libs/cache/file.php, line 264]
2010-10-01 03:52:39 Warning: Warning (512): /var/www/onatter/myapp/tmp/cache/ is not writable in [CORE/cake/libs/cache/file.php, line 264]
2010-10-03 01:40:50 Warning: Warning (512): <span style = "color:Red;text-align:left"><b>SQL Error:</b> 1064: You have an error in your SQL syntax; check the manual that corresponds to your MySQL server version for the right syntax to use near 'reed' at line 1</span> in [CORE/cake/libs/model/datasources/dbo_source.php, line 512]
2010-10-03 01:44:49 Warning: Warning (512): <span style = "color:Red;text-align:left"><b>SQL Error:</b> 1064: You have an error in your SQL syntax; check the manual that corresponds to your MySQL server version for the right syntax to use near 'reed' at line 1</span> in [CORE/cake/libs/model/datasources/dbo_source.php, line 512]
2010-10-03 01:44:49 Warning: Warning (2): fopen(/var/www/subversion/onatter/onatter/myapp/tmp/cache/persistent/cake_core_object_map) [<a href='http://php.net/function.fopen'>function.fopen</a>]: failed to open stream: Permission denied in [CORE/cake/libs/file.php, line 146]
2010-10-03 01:44:49 Warning: Warning (2): fopen(/var/www/subversion/onatter/onatter/myapp/tmp/cache/persistent/cake_core_dir_map) [<a href='http://php.net/function.fopen'>function.fopen</a>]: failed to open stream: Permission denied in [CORE/cake/libs/file.php, line 146]
2010-10-03 01:44:49 Warning: Warning (2): fopen(/var/www/subversion/onatter/onatter/myapp/tmp/cache/persistent/cake_core_file_map) [<a href='http://php.net/function.fopen'>function.fopen</a>]: failed to open stream: Permission denied in [CORE/cake/libs/file.php, line 146]
2010-10-03 01:47:24 Warning: Warning (512): <span style = "color:Red;text-align:left"><b>SQL Error:</b> 1064: You have an error in your SQL syntax; check the manual that corresponds to your MySQL server version for the right syntax to use near 'reed' at line 1</span> in [CORE/cake/libs/model/datasources/dbo_source.php, line 512]
2010-10-03 03:53:42 Warning: Warning (2): Cannot modify header information - headers already sent by (output started at /usr/share/php/cake/basics.php:111) in [CORE/cake/libs/controller/controller.php, line 577]
2010-10-03 03:58:06 Warning: Warning (2): Cannot modify header information - headers already sent by (output started at /usr/share/php/cake/basics.php:111) in [CORE/cake/libs/controller/controller.php, line 577]
2010-10-03 04:00:22 Warning: Warning (2): Cannot modify header information - headers already sent by (output started at /usr/share/php/cake/basics.php:111) in [CORE/cake/libs/controller/controller.php, line 577]
2010-10-03 04:04:09 Warning: Warning (2): Cannot modify header information - headers already sent by (output started at /usr/share/php/cake/basics.php:111) in [CORE/cake/libs/controller/controller.php, line 577]
2010-10-03 04:09:40 Warning: Warning (2): Cannot modify header information - headers already sent by (output started at /usr/share/php/cake/basics.php:111) in [CORE/cake/libs/controller/controller.php, line 577]
2010-10-03 04:15:17 Warning: Warning (2): Cannot modify header information - headers already sent by (output started at /usr/share/php/cake/basics.php:111) in [CORE/cake/libs/controller/controller.php, line 577]
2010-10-03 04:15:41 Warning: Warning (2): Cannot modify header information - headers already sent by (output started at /usr/share/php/cake/basics.php:111) in [CORE/cake/libs/controller/controller.php, line 577]
2010-10-03 04:17:23 Warning: Warning (2): Cannot modify header information - headers already sent by (output started at /usr/share/php/cake/basics.php:111) in [CORE/cake/libs/controller/controller.php, line 577]
2010-10-03 06:12:38 Warning: Warning (2): Cannot modify header information - headers already sent by (output started at /usr/share/php/cake/basics.php:111) in [CORE/cake/libs/controller/controller.php, line 577]
2010-10-03 06:40:32 Warning: Warning (512): <span style = "color:Red;text-align:left"><b>SQL Error:</b> 1064: You have an error in your SQL syntax; check the manual that corresponds to your MySQL server version for the right syntax to use near '=> $id    LIMIT 1' at line 1</span> in [CORE/cake/libs/model/datasources/dbo_source.php, line 512]
2010-10-03 06:40:33 Warning: Warning (2): Cannot modify header information - headers already sent by (output started at /usr/share/php/cake/basics.php:111) in [CORE/cake/libs/controller/controller.php, line 577]
2010-10-03 08:01:39 Warning: Warning (2): Cannot modify header information - headers already sent by (output started at /usr/share/php/cake/basics.php:111) in [CORE/cake/libs/controller/controller.php, line 577]
2010-10-03 08:02:26 Warning: Warning (2): Cannot modify header information - headers already sent by (output started at /usr/share/php/cake/basics.php:111) in [CORE/cake/libs/controller/controller.php, line 577]
2010-10-03 08:02:48 Warning: Warning (2): Cannot modify header information - headers already sent by (output started at /usr/share/php/cake/basics.php:111) in [CORE/cake/libs/controller/controller.php, line 577]
2010-10-03 18:05:39 Warning: Warning (512): Method FormHelper::creat does not exist in [CORE/cake/libs/view/helper.php, line 148]
2010-10-03 19:10:51 Warning: Warning (2): Cannot modify header information - headers already sent by (output started at /var/www/subversion/onatter/onatter/myapp/controllers/tweets_controller.php:27) in [CORE/cake/libs/controller/controller.php, line 577]
2010-10-05 14:06:46 Warning: Warning (2): preg_split() expects parameter 2 to be string, array given in [CORE/cake/libs/view/helper.php, line 330]
2010-10-05 14:06:46 Warning: Warning (2): array_values() [<a href='http://php.net/function.array-values'>function.array-values</a>]: The argument should be an array in [CORE/cake/libs/view/helper.php, line 330]
2010-10-05 14:17:16 Warning: Warning (2): Cannot modify header information - headers already sent by (output started at /var/www/subversion/onatter/onatter/myapp/controllers/tweets_controller.php:27) in [CORE/cake/libs/controller/controller.php, line 577]
2010-10-08 03:53:47 Warning: Warning (2): Cannot modify header information - headers already sent by (output started at /usr/share/php/cake/basics.php:111) in [APP/controllers/tweets_controller.php, line 37]
2010-10-08 03:59:58 Warning: Warning (2): Cannot modify header information - headers already sent by (output started at /var/www/subversion/onatter/onatter/myapp/controllers/tweets_controller.php:37) in [APP/controllers/tweets_controller.php, line 38]
2010-10-08 04:11:52 Warning: Warning (2): Cannot modify header information - headers already sent by (output started at /var/www/subversion/onatter/onatter/myapp/controllers/tweets_controller.php:27) in [CORE/cake/libs/controller/controller.php, line 577]
2010-10-08 04:12:17 Warning: Warning (2): Cannot modify header information - headers already sent by (output started at /var/www/subversion/onatter/onatter/myapp/controllers/tweets_controller.php:27) in [CORE/cake/libs/controller/controller.php, line 577]
2010-10-08 04:13:33 Warning: Warning (2): Cannot modify header information - headers already sent by (output started at /var/www/subversion/onatter/onatter/myapp/controllers/tweets_controller.php:27) in [CORE/cake/libs/controller/controller.php, line 577]
2010-10-08 04:23:20 Warning: Warning (2): Cannot modify header information - headers already sent by (output started at /var/www/subversion/onatter/onatter/myapp/controllers/tweets_controller.php:27) in [CORE/cake/libs/controller/controller.php, line 577]
